Determining if the pthread_create exist failed with the following output:
Change Dir: /home/pi/Look_At_My_Eyes/CMakeFiles/CMakeTmp

Run Build Command:"/usr/bin/make" "cmTryCompileExec2635356761/fast"
/usr/bin/make -f CMakeFiles/cmTryCompileExec2635356761.dir/build.make CMakeFiles/cmTryCompileExec2635356761.dir/build
make[1]: Entering directory '/home/pi/Look_At_My_Eyes/CMakeFiles/CMakeTmp'
/usr/bin/cmake -E cmake_progress_report /home/pi/Look_At_My_Eyes/CMakeFiles/CMakeTmp/CMakeFiles 1
Building C object CMakeFiles/cmTryCompileExec2635356761.dir/CheckSymbolExists.c.o
/usr/bin/cc    -o CMakeFiles/cmTryCompileExec2635356761.dir/CheckSymbolExists.c.o   -c /home/pi/Look_At_My_Eyes/CMakeFiles/CMakeTmp/CheckSymbolExists.c
Linking C executable cmTryCompileExec2635356761
/usr/bin/cmake -E cmake_link_script CMakeFiles/cmTryCompileExec2635356761.dir/link.txt --verbose=1
/usr/bin/cc       CMakeFiles/cmTryCompileExec2635356761.dir/CheckSymbolExists.c.o  -o cmTryCompileExec2635356761 -rdynamic 
CMakeFiles/cmTryCompileExec2635356761.dir/CheckSymbolExists.c.o: In function `main':
CheckSymbolExists.c:(.text+0x38): undefined reference to `pthread_create'
collect2: error: ld returned 1 exit status
CMakeFiles/cmTryCompileExec2635356761.dir/build.make:88: recipe for target 'cmTryCompileExec2635356761' failed
make[1]: *** [cmTryCompileExec2635356761] Error 1
make[1]: Leaving directory '/home/pi/Look_At_My_Eyes/CMakeFiles/CMakeTmp'
Makefile:118: recipe for target 'cmTryCompileExec2635356761/fast' failed
make: *** [cmTryCompileExec2635356761/fast] Error 2

File /home/pi/Look_At_My_Eyes/CMakeFiles/CMakeTmp/CheckSymbolExists.c:
/* */
#include <pthread.h>

int main(int argc, char** argv)
{
  (void)argv;
#ifndef pthread_create
  return ((int*)(&pthread_create))[argc];
#else
  (void)argc;
  return 0;
#endif
}

Determining if the function pthread_create exists in the pthreads failed with the following output:
Change Dir: /home/pi/Look_At_My_Eyes/CMakeFiles/CMakeTmp

Run Build Command:"/usr/bin/make" "cmTryCompileExec3971571522/fast"
/usr/bin/make -f CMakeFiles/cmTryCompileExec3971571522.dir/build.make CMakeFiles/cmTryCompileExec3971571522.dir/build
make[1]: Entering directory '/home/pi/Look_At_My_Eyes/CMakeFiles/CMakeTmp'
/usr/bin/cmake -E cmake_progress_report /home/pi/Look_At_My_Eyes/CMakeFiles/CMakeTmp/CMakeFiles 1
Building C object CMakeFiles/cmTryCompileExec3971571522.dir/CheckFunctionExists.c.o
/usr/bin/cc   -DCHECK_FUNCTION_EXISTS=pthread_create   -o CMakeFiles/cmTryCompileExec3971571522.dir/CheckFunctionExists.c.o   -c /usr/share/cmake-3.0/Modules/CheckFunctionExists.c
Linking C executable cmTryCompileExec3971571522
/usr/bin/cmake -E cmake_link_script CMakeFiles/cmTryCompileExec3971571522.dir/link.txt --verbose=1
/usr/bin/cc   -DCHECK_FUNCTION_EXISTS=pthread_create    CMakeFiles/cmTryCompileExec3971571522.dir/CheckFunctionExists.c.o  -o cmTryCompileExec3971571522 -rdynamic -lpthreads 
/usr/bin/ld: cannot find -lpthreads
collect2: error: ld returned 1 exit status
CMakeFiles/cmTryCompileExec3971571522.dir/build.make:88: recipe for target 'cmTryCompileExec3971571522' failed
make[1]: *** [cmTryCompileExec3971571522] Error 1
make[1]: Leaving directory '/home/pi/Look_At_My_Eyes/CMakeFiles/CMakeTmp'
Makefile:118: recipe for target 'cmTryCompileExec3971571522/fast' failed
make: *** [cmTryCompileExec3971571522/fast] Error 2


